This is pdfTeXk, Version 3.141592-1.40.3 (Web2C 7.5.6) (format=pdflatex 2009.11.11)  23 FEB 2010 22:21
entering extended mode
 %&-line parsing enabled.
**\nonstopmode \input{"/home/snowshelbi/Documents/!Stanford/Swift/ST/report/Swi
ft_stability.tex"}
(/home/snowshelbi/Documents/!Stanford/Swift/ST/report/Swift_stability.tex
(/usr/share/texmf-texlive/tex/latex/base/article.cls
Document Class: article 2005/09/16 v1.4f Standard LaTeX document class
(/usr/share/texmf-texlive/tex/latex/base/size10.clo
File: size10.clo 2005/09/16 v1.4f Standard LaTeX file (size option)
)
\c@part=\count79
\c@section=\count80
\c@subsection=\count81
\c@subsubsection=\count82
\c@paragraph=\count83
\c@subparagraph=\count84
\c@figure=\count85
\c@table=\count86
\abovecaptionskip=\skip41
\belowcaptionskip=\skip42
\bibindent=\dimen102
)
(/usr/share/texmf-texlive/tex/latex/base/textcomp.sty
Package: textcomp 2005/09/27 v1.99g Standard LaTeX package
Package textcomp Info: Sub-encoding information:
(textcomp)               5 = only ISO-Adobe without \textcurrency
(textcomp)               4 = 5 + \texteuro
(textcomp)               3 = 4 + \textohm
(textcomp)               2 = 3 + \textestimated + \textcurrency
(textcomp)               1 = TS1 - \textcircled - \t
(textcomp)               0 = TS1 (full)
(textcomp)             Font families with sub-encoding setting implement
(textcomp)             only a restricted character set as indicated.
(textcomp)             Family '?' is the default used for unknown fonts.
(textcomp)             See the documentation for details.
Package textcomp Info: Setting ? sub-encoding to TS1/1 on input line 71.

(/usr/share/texmf-texlive/tex/latex/base/ts1enc.def
File: ts1enc.def 2001/06/05 v3.0e (jk/car/fm) Standard LaTeX file
)
LaTeX Info: Redefining \oldstylenums on input line 266.
Package textcomp Info: Setting cmr sub-encoding to TS1/0 on input line 281.
Package textcomp Info: Setting cmss sub-encoding to TS1/0 on input line 282.
Package textcomp Info: Setting cmtt sub-encoding to TS1/0 on input line 283.
Package textcomp Info: Setting cmvtt sub-encoding to TS1/0 on input line 284.
Package textcomp Info: Setting cmbr sub-encoding to TS1/0 on input line 285.
Package textcomp Info: Setting cmtl sub-encoding to TS1/0 on input line 286.
Package textcomp Info: Setting ccr sub-encoding to TS1/0 on input line 287.
Package textcomp Info: Setting ptm sub-encoding to TS1/4 on input line 288.
Package textcomp Info: Setting pcr sub-encoding to TS1/4 on input line 289.
Package textcomp Info: Setting phv sub-encoding to TS1/4 on input line 290.
Package textcomp Info: Setting ppl sub-encoding to TS1/3 on input line 291.
Package textcomp Info: Setting pag sub-encoding to TS1/4 on input line 292.
Package textcomp Info: Setting pbk sub-encoding to TS1/4 on input line 293.
Package textcomp Info: Setting pnc sub-encoding to TS1/4 on input line 294.
Package textcomp Info: Setting pzc sub-encoding to TS1/4 on input line 295.
Package textcomp Info: Setting bch sub-encoding to TS1/4 on input line 296.
Package textcomp Info: Setting put sub-encoding to TS1/5 on input line 297.
Package textcomp Info: Setting uag sub-encoding to TS1/5 on input line 298.
Package textcomp Info: Setting ugq sub-encoding to TS1/5 on input line 299.
Package textcomp Info: Setting ul8 sub-encoding to TS1/4 on input line 300.
Package textcomp Info: Setting ul9 sub-encoding to TS1/4 on input line 301.
Package textcomp Info: Setting augie sub-encoding to TS1/5 on input line 302.
Package textcomp Info: Setting dayrom sub-encoding to TS1/3 on input line 303.
Package textcomp Info: Setting dayroms sub-encoding to TS1/3 on input line 304.

Package textcomp Info: Setting pxr sub-encoding to TS1/0 on input line 305.
Package textcomp Info: Setting pxss sub-encoding to TS1/0 on input line 306.
Package textcomp Info: Setting pxtt sub-encoding to TS1/0 on input line 307.
Package textcomp Info: Setting txr sub-encoding to TS1/0 on input line 308.
Package textcomp Info: Setting txss sub-encoding to TS1/0 on input line 309.
Package textcomp Info: Setting txtt sub-encoding to TS1/0 on input line 310.
Package textcomp Info: Setting futs sub-encoding to TS1/4 on input line 311.
Package textcomp Info: Setting futx sub-encoding to TS1/4 on input line 312.
Package textcomp Info: Setting futj sub-encoding to TS1/4 on input line 313.
Package textcomp Info: Setting hlh sub-encoding to TS1/3 on input line 314.
Package textcomp Info: Setting hls sub-encoding to TS1/3 on input line 315.
Package textcomp Info: Setting hlst sub-encoding to TS1/3 on input line 316.
Package textcomp Info: Setting hlct sub-encoding to TS1/5 on input line 317.
Package textcomp Info: Setting hlx sub-encoding to TS1/5 on input line 318.
Package textcomp Info: Setting hlce sub-encoding to TS1/5 on input line 319.
Package textcomp Info: Setting hlcn sub-encoding to TS1/5 on input line 320.
Package textcomp Info: Setting hlcw sub-encoding to TS1/5 on input line 321.
Package textcomp Info: Setting hlcf sub-encoding to TS1/5 on input line 322.
Package textcomp Info: Setting pplx sub-encoding to TS1/3 on input line 323.
Package textcomp Info: Setting pplj sub-encoding to TS1/3 on input line 324.
Package textcomp Info: Setting ptmx sub-encoding to TS1/4 on input line 325.
Package textcomp Info: Setting ptmj sub-encoding to TS1/4 on input line 326.
)
(/usr/share/texmf-texlive/tex/latex/base/latexsym.sty
Package: latexsym 1998/08/17 v2.2e Standard LaTeX package (lasy symbols)
\symlasy=\mathgroup4
LaTeX Font Info:    Overwriting symbol font `lasy' in version `bold'
(Font)                  U/lasy/m/n --> U/lasy/b/n on input line 47.
)
(/usr/share/texmf-texlive/tex/latex/graphics/graphicx.sty
Package: graphicx 1999/02/16 v1.0f Enhanced LaTeX Graphics (DPC,SPQR)

(/usr/share/texmf-texlive/tex/latex/graphics/keyval.sty
Package: keyval 1999/03/16 v1.13 key=value parser (DPC)
\KV@toks@=\toks14
)
(/usr/share/texmf-texlive/tex/latex/graphics/graphics.sty
Package: graphics 2006/02/20 v1.0o Standard LaTeX Graphics (DPC,SPQR)

(/usr/share/texmf-texlive/tex/latex/graphics/trig.sty
Package: trig 1999/03/16 v1.09 sin cos tan (DPC)
)
(/etc/texmf/tex/latex/config/graphics.cfg
File: graphics.cfg 2007/01/18 v1.5 graphics configuration of teTeX/TeXLive
)
Package graphics Info: Driver file: pdftex.def on input line 90.

(/usr/share/texmf-texlive/tex/latex/pdftex-def/pdftex.def
File: pdftex.def 2007/01/08 v0.04d Graphics/color for pdfTeX
\Gread@gobject=\count87
))
\Gin@req@height=\dimen103
\Gin@req@width=\dimen104
)
(/usr/share/texmf-texlive/tex/latex/amsmath/amsmath.sty
Package: amsmath 2000/07/18 v2.13 AMS math features
\@mathmargin=\skip43

For additional information on amsmath, use the `?' option.
(/usr/share/texmf-texlive/tex/latex/amsmath/amstext.sty
Package: amstext 2000/06/29 v2.01

(/usr/share/texmf-texlive/tex/latex/amsmath/amsgen.sty
File: amsgen.sty 1999/11/30 v2.0
\@emptytoks=\toks15
\ex@=\dimen105
))
(/usr/share/texmf-texlive/tex/latex/amsmath/amsbsy.sty
Package: amsbsy 1999/11/29 v1.2d
\pmbraise@=\dimen106
)
(/usr/share/texmf-texlive/tex/latex/amsmath/amsopn.sty
Package: amsopn 1999/12/14 v2.01 operator names
)
\inf@bad=\count88
LaTeX Info: Redefining \frac on input line 211.
\uproot@=\count89
\leftroot@=\count90
LaTeX Info: Redefining \overline on input line 307.
\classnum@=\count91
\DOTSCASE@=\count92
LaTeX Info: Redefining \ldots on input line 379.
LaTeX Info: Redefining \dots on input line 382.
LaTeX Info: Redefining \cdots on input line 467.
\Mathstrutbox@=\box26
\strutbox@=\box27
\big@size=\dimen107
LaTeX Font Info:    Redeclaring font encoding OML on input line 567.
LaTeX Font Info:    Redeclaring font encoding OMS on input line 568.
\macc@depth=\count93
\c@MaxMatrixCols=\count94
\dotsspace@=\muskip10
\c@parentequation=\count95
\dspbrk@lvl=\count96
\tag@help=\toks16
\row@=\count97
\column@=\count98
\maxfields@=\count99
\andhelp@=\toks17
\eqnshift@=\dimen108
\alignsep@=\dimen109
\tagshift@=\dimen110
\tagwidth@=\dimen111
\totwidth@=\dimen112
\lineht@=\dimen113
\@envbody=\toks18
\multlinegap=\skip44
\multlinetaggap=\skip45
\mathdisplay@stack=\toks19
LaTeX Info: Redefining \[ on input line 2666.
LaTeX Info: Redefining \] on input line 2667.
)
(/usr/share/texmf-texlive/tex/latex/moreverb/moreverb.sty
Package: moreverb 1997/12/07 v2.2d.2 `more' verbatim facilities

(/usr/share/texmf-texlive/tex/latex/tools/verbatim.sty
Package: verbatim 2003/08/22 v1.5q LaTeX2e package for verbatim enhancements
\every@verbatim=\toks20
\verbatim@line=\toks21
\verbatim@in@stream=\read1
)
\verbatim@out=\write3
\tab@position=\count100
\tab@size=\count101
\listing@line=\count102
)
(/home/snowshelbi/Documents/!Stanford/Swift/ST/report/Swift_stability.aux)
\openout1 = `Swift_stability.aux'.

LaTeX Font Info:    Checking defaults for OML/cmm/m/it on input line 10.
LaTeX Font Info:    ... okay on input line 10.
LaTeX Font Info:    Checking defaults for T1/cmr/m/n on input line 10.
LaTeX Font Info:    ... okay on input line 10.
LaTeX Font Info:    Checking defaults for OT1/cmr/m/n on input line 10.
LaTeX Font Info:    ... okay on input line 10.
LaTeX Font Info:    Checking defaults for OMS/cmsy/m/n on input line 10.
LaTeX Font Info:    ... okay on input line 10.
LaTeX Font Info:    Checking defaults for OMX/cmex/m/n on input line 10.
LaTeX Font Info:    ... okay on input line 10.
LaTeX Font Info:    Checking defaults for U/cmr/m/n on input line 10.
LaTeX Font Info:    ... okay on input line 10.
LaTeX Font Info:    Checking defaults for TS1/cmr/m/n on input line 10.
LaTeX Font Info:    Try loading font information for TS1+cmr on input line 10.

(/usr/share/texmf-texlive/tex/latex/base/ts1cmr.fd
File: ts1cmr.fd 1999/05/25 v2.5h Standard LaTeX font definitions
)
LaTeX Font Info:    ... okay on input line 10.
LaTeX Font Info:    Try loading font information for U+lasy on input line 19.

(/usr/share/texmf-texlive/tex/latex/base/ulasy.fd
File: ulasy.fd 1998/08/17 v2.2e LaTeX symbol font definitions
) [1

{/var/lib/texmf/fonts/map/pdftex/updmap/pdftex.map}]
(/home/snowshelbi/Documents/!Stanford/Swift/ST/report/Swift_stability.toc
! Missing $ inserted.
<inserted text> 
                $
l.19 ...elta _{a2} = 0$ , $\beta =0$ (f2_+30)}{12}
                                                  
I've inserted a begin-math/end-math symbol since I think
you left one out. Proceed, with fingers crossed.

! Extra }, or forgotten $.
\@dottedtocline ...\nobreak \hskip -\leftskip {#4}
                                                  \nobreak \leaders \hbox {$...
l.19 ...elta _{a2} = 0$ , $\beta =0$ (f2_+30)}{12}
                                                  
I've deleted a group-closing symbol because it seems to be
spurious, as in `$x}$'. But perhaps the } is legitimate and
you forgot something else, as in `\hbox{$x}'. In such cases
the way to recover is to insert both the forgotten and the
deleted material, e.g., by typing `I$}'.

! Missing $ inserted.
<inserted text> 
                $
l.19 ...elta _{a2} = 0$ , $\beta =0$ (f2_+30)}{12}
                                                  
I've inserted a begin-math/end-math symbol since I think
you left one out. Proceed, with fingers crossed.

)
\tf@toc=\write4
\openout4 = `Swift_stability.toc'.


! Missing } inserted.
<inserted text> 
                }
l.21 \tableofcontents
                     
I've inserted something that you may have forgotten.
(See the <inserted text> above.)
With luck, this will get me unwedged. But if you
really didn't forget anything, try typing `2' now; then
my insertion and my current dilemma will both disappear.

[1]
Underfull \hbox (badness 10000) in paragraph at lines 38--39

 []

<xfoil_section.png, id=18, 895.09406pt x 573.64313pt>
File: xfoil_section.png Graphic file (type png)
 <use xfoil_section.png>
[2]
Overfull \hbox (28.6951pt too wide) in paragraph at lines 55--71
 [] 
 []

[3 </home/snowshelbi/Documents/!Stanford/Swift/ST/report/xfoil_section.png (PNG
 copy)>] <LinAir.png, id=28, 379.4175pt x 335.2525pt>
File: LinAir.png Graphic file (type png)
 <use LinAir.png> [4 </home/snowshelbi/Documents/!Stanford/Swift/ST/report/LinA
ir.png (PNG copy)>]
Overfull \hbox (1.2229pt too wide) in paragraph at lines 110--111
\OT1/cmr/m/n/10 XFLR5 also has an im-ple-men-ta-tion of a Vortex-Lattice method
 sim-i-lar to LinAir,
 []


Underfull \hbox (badness 10000) in paragraph at lines 110--111

 []


Underfull \hbox (badness 10000) in paragraph at lines 112--113

 []


LaTeX Warning: `h' float specifier changed to `ht'.

<xflr5.png, id=32, 870.25125pt x 573.64313pt>
File: xflr5.png Graphic file (type png)
 <use xflr5.png> [5

] [6 </home/snowshelbi/Documents/!Stanford/Swift/ST/report/xflr5.png (PNG copy)
>]
Underfull \hbox (badness 10000) in paragraph at lines 168--169

 []


Underfull \hbox (badness 10000) in paragraph at lines 170--171

 []

[7

]
Underfull \hbox (badness 1132) in paragraph at lines 203--207
[]\OT1/cmr/m/n/10 A. De-per-rois, Com-par-i-son of Ex-per-i-men-tal Data to XFL
R5 Re-sults.
 []

[8]
Underfull \hbox (badness 10000) in paragraph at lines 215--216

 []


Overfull \hbox (0.31647pt too wide) in paragraph at lines 222--222
[] \OT1/cmtt/m/n/5 _________  ________   ________  _________  _________  ______
___  _________  _________  _________  _________  _________  _________[] 
 []


Overfull \hbox (0.31647pt too wide) in paragraph at lines 225--225
[] \OT1/cmtt/m/n/5 _________  ________   ________  _________  _________  ______
___  _________  _________  _________  _________  _________  _________[] 
 []

[9]
Overfull \hbox (0.31647pt too wide) in paragraph at lines 228--228
[] \OT1/cmtt/m/n/5 _________  ________   ________  _________  _________  ______
___  _________  _________  _________  _________  _________  _________[] 
 []


Overfull \hbox (0.31647pt too wide) in paragraph at lines 231--231
[] \OT1/cmtt/m/n/5 _________  ________   ________  _________  _________  ______
___  _________  _________  _________  _________  _________  _________[] 
 []

[10]
Overfull \hbox (0.31647pt too wide) in paragraph at lines 234--234
[] \OT1/cmtt/m/n/5 _________  ________   ________  _________  _________  ______
___  _________  _________  _________  _________  _________  _________[] 
 []


Overfull \hbox (0.31647pt too wide) in paragraph at lines 237--237
[] \OT1/cmtt/m/n/5 _________  ________   ________  _________  _________  ______
___  _________  _________  _________  _________  _________  _________[] 
 []

[11]
! Missing $ inserted.
<inserted text> 
                $
l.239 ..., $\delta_{a2} = 0$ , $\beta=0$ (f2_+30)}
                                                  
I've inserted a begin-math/end-math symbol since I think
you left one out. Proceed, with fingers crossed.

! Missing $ inserted.
<inserted text> 
                $
l.239 ..., $\delta_{a2} = 0$ , $\beta=0$ (f2_+30)}
                                                  
I've inserted a begin-math/end-math symbol since I think
you left one out. Proceed, with fingers crossed.


Overfull \hbox (0.31647pt too wide) in paragraph at lines 240--240
[] \OT1/cmtt/m/n/5 _________  ________   ________  _________  _________  ______
___  _________  _________  _________  _________  _________  _________[] 
 []


Overfull \hbox (0.31647pt too wide) in paragraph at lines 243--243
[] \OT1/cmtt/m/n/5 _________  ________   ________  _________  _________  ______
___  _________  _________  _________  _________  _________  _________[] 
 []

[12]
Overfull \hbox (0.31647pt too wide) in paragraph at lines 246--246
[] \OT1/cmtt/m/n/5 _________  ________   ________  _________  _________  ______
___  _________  _________  _________  _________  _________  _________[] 
 []

Missing character: There is no Â in font cmtt8!
Missing character: There is no ° in font cmtt8!

Overfull \hbox (0.31647pt too wide) in paragraph at lines 249--249
[] \OT1/cmtt/m/n/5 _________  ________   ________  _________  _________  ______
___  _________  _________  _________  _________  _________  _________[] 
 []

Missing character: There is no Â in font cmtt8!
Missing character: There is no ° in font cmtt8!

Overfull \hbox (0.31647pt too wide) in paragraph at lines 252--252
[] \OT1/cmtt/m/n/5 _________  ________   ________  _________  _________  ______
___  _________  _________  _________  _________  _________  _________[] 
 []

[13] [14] <../data/cl.png, id=69, 449.68pt x 337.26pt>
File: ../data/cl.png Graphic file (type png)
 <use ../data/cl.png>
<../data/cm.png, id=70, 449.68pt x 337.26pt>
File: ../data/cm.png Graphic file (type png)
 <use ../data/cm.png>
<../data/rm.png, id=71, 449.68pt x 337.26pt>
File: ../data/rm.png Graphic file (type png)
 <use ../data/rm.png>
<../data/ym.png, id=72, 449.68pt x 337.26pt>
File: ../data/ym.png Graphic file (type png)
 <use ../data/ym.png>
Overfull \hbox (58.3754pt too wide) in paragraph at lines 261--266
 [] 
 []

[15 <../data/cl.png (PNG copy)> <../data/cm.png (PNG copy)> <../data/rm.png (PN
G copy)> <../data/ym.png (PNG copy)>] [16

] [17] [18] [19] [20]
(/home/snowshelbi/Documents/!Stanford/Swift/ST/report/Swift_stability.aux) ) 
Here is how much of TeX's memory you used:
 1801 strings out of 95086
 23686 string characters out of 1183254
 80835 words of memory out of 1500000
 4954 multiletter control sequences out of 10000+50000
 10330 words of font info for 42 fonts, out of 1200000 for 2000
 28 hyphenation exceptions out of 8191
 28i,11n,20p,1464b,338s stack positions out of 5000i,500n,6000p,200000b,5000s
 </
home/snowshelbi/.texmf-var/fonts/pk/ljfour/jknappen/ec/tcrm1000.600pk></usr/sha
re/texmf-texlive/fonts/type1/bluesky/cm/cmbx10.pfb></usr/share/texmf-texlive/fo
nts/type1/bluesky/cm/cmbx12.pfb></usr/share/texmf-texlive/fonts/type1/bluesky/c
m/cmex10.pfb></usr/share/texmf-texlive/fonts/type1/bluesky/cm/cmmi10.pfb></usr/
share/texmf-texlive/fonts/type1/bluesky/cm/cmmi12.pfb></usr/share/texmf-texlive
/fonts/type1/bluesky/cm/cmmi5.pfb></usr/share/texmf-texlive/fonts/type1/bluesky
/cm/cmmi7.pfb></usr/share/texmf-texlive/fonts/type1/bluesky/cm/cmmi8.pfb></usr/
share/texmf-texlive/fonts/type1/bluesky/cm/cmr10.pfb></usr/share/texmf-texlive/
fonts/type1/bluesky/cm/cmr12.pfb></usr/share/texmf-texlive/fonts/type1/bluesky/
cm/cmr17.pfb></usr/share/texmf-texlive/fonts/type1/bluesky/cm/cmr6.pfb></usr/sh
are/texmf-texlive/fonts/type1/bluesky/cm/cmr7.pfb></usr/share/texmf-texlive/fon
ts/type1/bluesky/cm/cmr8.pfb></usr/share/texmf-texlive/fonts/type1/bluesky/cm/c
msy10.pfb></usr/share/texmf-texlive/fonts/type1/bluesky/cm/cmtt8.pfb>
Output written on Swift_stability.pdf (21 pages, 291344 bytes).
PDF statistics:
 146 PDF objects out of 1000 (max. 8388607)
 0 named destinations out of 1000 (max. 131072)
 36 words of extra memory for PDF output out of 10000 (max. 10000000)

