This is pdfTeXk, Version 3.141592-1.40.3 (Web2C 7.5.6) (format=pdflatex 2009.11.11)  18 MAR 2010 23:33
entering extended mode
 %&-line parsing enabled.
**\nonstopmode \input{"/home/snowshelbi/Documents/!Stanford/Swift/Summary/SubSc
aleSwift.tex"}
(/home/snowshelbi/Documents/!Stanford/Swift/Summary/SubScaleSwift.tex
(/usr/share/texmf-texlive/tex/latex/base/article.cls
Document Class: article 2005/09/16 v1.4f Standard LaTeX document class
(/usr/share/texmf-texlive/tex/latex/base/size10.clo
File: size10.clo 2005/09/16 v1.4f Standard LaTeX file (size option)
)
\c@part=\count79
\c@section=\count80
\c@subsection=\count81
\c@subsubsection=\count82
\c@paragraph=\count83
\c@subparagraph=\count84
\c@figure=\count85
\c@table=\count86
\abovecaptionskip=\skip41
\belowcaptionskip=\skip42
\bibindent=\dimen102
)
(/usr/share/texmf-texlive/tex/latex/base/textcomp.sty
Package: textcomp 2005/09/27 v1.99g Standard LaTeX package
Package textcomp Info: Sub-encoding information:
(textcomp)               5 = only ISO-Adobe without \textcurrency
(textcomp)               4 = 5 + \texteuro
(textcomp)               3 = 4 + \textohm
(textcomp)               2 = 3 + \textestimated + \textcurrency
(textcomp)               1 = TS1 - \textcircled - \t
(textcomp)               0 = TS1 (full)
(textcomp)             Font families with sub-encoding setting implement
(textcomp)             only a restricted character set as indicated.
(textcomp)             Family '?' is the default used for unknown fonts.
(textcomp)             See the documentation for details.
Package textcomp Info: Setting ? sub-encoding to TS1/1 on input line 71.

(/usr/share/texmf-texlive/tex/latex/base/ts1enc.def
File: ts1enc.def 2001/06/05 v3.0e (jk/car/fm) Standard LaTeX file
)
LaTeX Info: Redefining \oldstylenums on input line 266.
Package textcomp Info: Setting cmr sub-encoding to TS1/0 on input line 281.
Package textcomp Info: Setting cmss sub-encoding to TS1/0 on input line 282.
Package textcomp Info: Setting cmtt sub-encoding to TS1/0 on input line 283.
Package textcomp Info: Setting cmvtt sub-encoding to TS1/0 on input line 284.
Package textcomp Info: Setting cmbr sub-encoding to TS1/0 on input line 285.
Package textcomp Info: Setting cmtl sub-encoding to TS1/0 on input line 286.
Package textcomp Info: Setting ccr sub-encoding to TS1/0 on input line 287.
Package textcomp Info: Setting ptm sub-encoding to TS1/4 on input line 288.
Package textcomp Info: Setting pcr sub-encoding to TS1/4 on input line 289.
Package textcomp Info: Setting phv sub-encoding to TS1/4 on input line 290.
Package textcomp Info: Setting ppl sub-encoding to TS1/3 on input line 291.
Package textcomp Info: Setting pag sub-encoding to TS1/4 on input line 292.
Package textcomp Info: Setting pbk sub-encoding to TS1/4 on input line 293.
Package textcomp Info: Setting pnc sub-encoding to TS1/4 on input line 294.
Package textcomp Info: Setting pzc sub-encoding to TS1/4 on input line 295.
Package textcomp Info: Setting bch sub-encoding to TS1/4 on input line 296.
Package textcomp Info: Setting put sub-encoding to TS1/5 on input line 297.
Package textcomp Info: Setting uag sub-encoding to TS1/5 on input line 298.
Package textcomp Info: Setting ugq sub-encoding to TS1/5 on input line 299.
Package textcomp Info: Setting ul8 sub-encoding to TS1/4 on input line 300.
Package textcomp Info: Setting ul9 sub-encoding to TS1/4 on input line 301.
Package textcomp Info: Setting augie sub-encoding to TS1/5 on input line 302.
Package textcomp Info: Setting dayrom sub-encoding to TS1/3 on input line 303.
Package textcomp Info: Setting dayroms sub-encoding to TS1/3 on input line 304.

Package textcomp Info: Setting pxr sub-encoding to TS1/0 on input line 305.
Package textcomp Info: Setting pxss sub-encoding to TS1/0 on input line 306.
Package textcomp Info: Setting pxtt sub-encoding to TS1/0 on input line 307.
Package textcomp Info: Setting txr sub-encoding to TS1/0 on input line 308.
Package textcomp Info: Setting txss sub-encoding to TS1/0 on input line 309.
Package textcomp Info: Setting txtt sub-encoding to TS1/0 on input line 310.
Package textcomp Info: Setting futs sub-encoding to TS1/4 on input line 311.
Package textcomp Info: Setting futx sub-encoding to TS1/4 on input line 312.
Package textcomp Info: Setting futj sub-encoding to TS1/4 on input line 313.
Package textcomp Info: Setting hlh sub-encoding to TS1/3 on input line 314.
Package textcomp Info: Setting hls sub-encoding to TS1/3 on input line 315.
Package textcomp Info: Setting hlst sub-encoding to TS1/3 on input line 316.
Package textcomp Info: Setting hlct sub-encoding to TS1/5 on input line 317.
Package textcomp Info: Setting hlx sub-encoding to TS1/5 on input line 318.
Package textcomp Info: Setting hlce sub-encoding to TS1/5 on input line 319.
Package textcomp Info: Setting hlcn sub-encoding to TS1/5 on input line 320.
Package textcomp Info: Setting hlcw sub-encoding to TS1/5 on input line 321.
Package textcomp Info: Setting hlcf sub-encoding to TS1/5 on input line 322.
Package textcomp Info: Setting pplx sub-encoding to TS1/3 on input line 323.
Package textcomp Info: Setting pplj sub-encoding to TS1/3 on input line 324.
Package textcomp Info: Setting ptmx sub-encoding to TS1/4 on input line 325.
Package textcomp Info: Setting ptmj sub-encoding to TS1/4 on input line 326.
)
(/usr/share/texmf-texlive/tex/latex/base/latexsym.sty
Package: latexsym 1998/08/17 v2.2e Standard LaTeX package (lasy symbols)
\symlasy=\mathgroup4
LaTeX Font Info:    Overwriting symbol font `lasy' in version `bold'
(Font)                  U/lasy/m/n --> U/lasy/b/n on input line 47.
)
(/usr/share/texmf-texlive/tex/latex/graphics/graphicx.sty
Package: graphicx 1999/02/16 v1.0f Enhanced LaTeX Graphics (DPC,SPQR)

(/usr/share/texmf-texlive/tex/latex/graphics/keyval.sty
Package: keyval 1999/03/16 v1.13 key=value parser (DPC)
\KV@toks@=\toks14
)
(/usr/share/texmf-texlive/tex/latex/graphics/graphics.sty
Package: graphics 2006/02/20 v1.0o Standard LaTeX Graphics (DPC,SPQR)

(/usr/share/texmf-texlive/tex/latex/graphics/trig.sty
Package: trig 1999/03/16 v1.09 sin cos tan (DPC)
)
(/etc/texmf/tex/latex/config/graphics.cfg
File: graphics.cfg 2007/01/18 v1.5 graphics configuration of teTeX/TeXLive
)
Package graphics Info: Driver file: pdftex.def on input line 90.

(/usr/share/texmf-texlive/tex/latex/pdftex-def/pdftex.def
File: pdftex.def 2007/01/08 v0.04d Graphics/color for pdfTeX
\Gread@gobject=\count87
))
\Gin@req@height=\dimen103
\Gin@req@width=\dimen104
)
(/usr/share/texmf-texlive/tex/latex/amsmath/amsmath.sty
Package: amsmath 2000/07/18 v2.13 AMS math features
\@mathmargin=\skip43

For additional information on amsmath, use the `?' option.
(/usr/share/texmf-texlive/tex/latex/amsmath/amstext.sty
Package: amstext 2000/06/29 v2.01

(/usr/share/texmf-texlive/tex/latex/amsmath/amsgen.sty
File: amsgen.sty 1999/11/30 v2.0
\@emptytoks=\toks15
\ex@=\dimen105
))
(/usr/share/texmf-texlive/tex/latex/amsmath/amsbsy.sty
Package: amsbsy 1999/11/29 v1.2d
\pmbraise@=\dimen106
)
(/usr/share/texmf-texlive/tex/latex/amsmath/amsopn.sty
Package: amsopn 1999/12/14 v2.01 operator names
)
\inf@bad=\count88
LaTeX Info: Redefining \frac on input line 211.
\uproot@=\count89
\leftroot@=\count90
LaTeX Info: Redefining \overline on input line 307.
\classnum@=\count91
\DOTSCASE@=\count92
LaTeX Info: Redefining \ldots on input line 379.
LaTeX Info: Redefining \dots on input line 382.
LaTeX Info: Redefining \cdots on input line 467.
\Mathstrutbox@=\box26
\strutbox@=\box27
\big@size=\dimen107
LaTeX Font Info:    Redeclaring font encoding OML on input line 567.
LaTeX Font Info:    Redeclaring font encoding OMS on input line 568.
\macc@depth=\count93
\c@MaxMatrixCols=\count94
\dotsspace@=\muskip10
\c@parentequation=\count95
\dspbrk@lvl=\count96
\tag@help=\toks16
\row@=\count97
\column@=\count98
\maxfields@=\count99
\andhelp@=\toks17
\eqnshift@=\dimen108
\alignsep@=\dimen109
\tagshift@=\dimen110
\tagwidth@=\dimen111
\totwidth@=\dimen112
\lineht@=\dimen113
\@envbody=\toks18
\multlinegap=\skip44
\multlinetaggap=\skip45
\mathdisplay@stack=\toks19
LaTeX Info: Redefining \[ on input line 2666.
LaTeX Info: Redefining \] on input line 2667.
)
(/usr/share/texmf-texlive/tex/latex/moreverb/moreverb.sty
Package: moreverb 1997/12/07 v2.2d.2 `more' verbatim facilities

(/usr/share/texmf-texlive/tex/latex/tools/verbatim.sty
Package: verbatim 2003/08/22 v1.5q LaTeX2e package for verbatim enhancements
\every@verbatim=\toks20
\verbatim@line=\toks21
\verbatim@in@stream=\read1
)
\verbatim@out=\write3
\tab@position=\count100
\tab@size=\count101
\listing@line=\count102
)
(/usr/share/texmf-texlive/tex/latex/oberdiek/pdflscape.sty
Package: pdflscape 2006/04/24 v0.6 Landscape pages in PDF (HO)

(/usr/share/texmf-texlive/tex/latex/graphics/lscape.sty
Package: lscape 2000/10/22 v3.01 Landscape Pages (DPC)
)
Package pdflscape Info: Auto-detected driver: `pdftex' on input line 70.
)
(/home/snowshelbi/Documents/!Stanford/Swift/Summary/SubScaleSwift.aux)
\openout1 = `SubScaleSwift.aux'.

LaTeX Font Info:    Checking defaults for OML/cmm/m/it on input line 14.
LaTeX Font Info:    ... okay on input line 14.
LaTeX Font Info:    Checking defaults for T1/cmr/m/n on input line 14.
LaTeX Font Info:    ... okay on input line 14.
LaTeX Font Info:    Checking defaults for OT1/cmr/m/n on input line 14.
LaTeX Font Info:    ... okay on input line 14.
LaTeX Font Info:    Checking defaults for OMS/cmsy/m/n on input line 14.
LaTeX Font Info:    ... okay on input line 14.
LaTeX Font Info:    Checking defaults for OMX/cmex/m/n on input line 14.
LaTeX Font Info:    ... okay on input line 14.
LaTeX Font Info:    Checking defaults for U/cmr/m/n on input line 14.
LaTeX Font Info:    ... okay on input line 14.
LaTeX Font Info:    Checking defaults for TS1/cmr/m/n on input line 14.
LaTeX Font Info:    Try loading font information for TS1+cmr on input line 14.

(/usr/share/texmf-texlive/tex/latex/base/ts1cmr.fd
File: ts1cmr.fd 1999/05/25 v2.5h Standard LaTeX font definitions
)
LaTeX Font Info:    ... okay on input line 14.
LaTeX Font Info:    Try loading font information for U+lasy on input line 24.

(/usr/share/texmf-texlive/tex/latex/base/ulasy.fd
File: ulasy.fd 1998/08/17 v2.2e LaTeX symbol font definitions
) [1

{/var/lib/texmf/fonts/map/pdftex/updmap/pdftex.map}]
Underfull \hbox (badness 10000) in paragraph at lines 28--29

 []

[1]
Overfull \hbox (7.08289pt too wide) in paragraph at lines 34--36
\OT1/cmr/m/n/10 The SWIFT is a foot-launched hang-glider with per-for-mance sim
-i-lar to a sailplane.
 []


Underfull \hbox (badness 10000) in paragraph at lines 39--40

 []


Underfull \hbox (badness 10000) in paragraph at lines 41--42

 []


Underfull \hbox (badness 10000) in paragraph at lines 44--45

 []

[2]
Underfull \hbox (badness 10000) in paragraph at lines 47--48

 []


Underfull \hbox (badness 10000) in paragraph at lines 49--50

 []


Underfull \hbox (badness 10000) in paragraph at lines 54--55

 []


Underfull \hbox (badness 10000) in paragraph at lines 56--57

 []


Underfull \hbox (badness 10000) in paragraph at lines 63--64

 []

[3]
Underfull \hbox (badness 10000) in paragraph at lines 85--86

 []

<scale-graph.png, id=20, 690.58pt x 622.325pt>
File: scale-graph.png Graphic file (type png)
 <use scale-graph.png>
Overfull \hbox (53.33858pt too wide) in paragraph at lines 91--92
 [] 
 []


LaTeX Warning: `h' float specifier changed to `ht'.

[4] [5 </home/snowshelbi/Documents/!Stanford/Swift/Summary/scale-graph.png (PNG
 copy)>]
Underfull \hbox (badness 10000) in paragraph at lines 101--102

 []


Underfull \hbox (badness 10000) in paragraph at lines 103--104

 []


Underfull \hbox (badness 10000) in paragraph at lines 105--106

 []


Underfull \hbox (badness 10000) in paragraph at lines 107--108

 []

<paparazzi.png, id=32, 135.50626pt x 155.58125pt>
File: paparazzi.png Graphic file (type png)
 <use paparazzi.png>
<Roboard.png, id=33, 602.25pt x 384.43625pt>
File: Roboard.png Graphic file (type png)
 <use Roboard.png> [6

 </home/snowshelbi/Documents/!Stanford/Swift/Summary/paparazzi.png> </home/snow
shelbi/Documents/!Stanford/Swift/Summary/Roboard.png (PNG copy)>]
Underfull \hbox (badness 10000) in paragraph at lines 119--120

 []


Underfull \hbox (badness 10000) in paragraph at lines 121--122

 []


Underfull \hbox (badness 10000) in paragraph at lines 123--124

 []

[7] <xfoil_T2_analysis.png, id=45, 895.09406pt x 573.64313pt>
File: xfoil_T2_analysis.png Graphic file (type png)

<use xfoil_T2_analysis.png>
Overfull \hbox (75.96062pt too wide) in paragraph at lines 131--132
 [] 
 []


LaTeX Warning: Float too large for page by 91.11551pt on input line 135.

[8 </home/snowshelbi/Documents/!Stanford/Swift/Summary/xfoil_T2_analysis.png (P
NG copy)>] <xfoil_T2_analysis_stall.png, id=49, 895.09406pt x 573.64313pt>
File: xfoil_T2_analysis_stall.png Graphic file (type png)

<use xfoil_T2_analysis_stall.png>
Overfull \hbox (75.96062pt too wide) in paragraph at lines 141--142
 [] 
 []


LaTeX Warning: Float too large for page by 91.11551pt on input line 145.

[9 </home/snowshelbi/Documents/!Stanford/Swift/Summary/xfoil_T2_analysis_stall.
png (PNG copy)>]
<xfoil_T2_analysis_flap20.png, id=53, 895.09406pt x 573.64313pt>
File: xfoil_T2_analysis_flap20.png Graphic file (type png)

<use xfoil_T2_analysis_flap20.png>
Overfull \hbox (75.96062pt too wide) in paragraph at lines 151--152
 [] 
 []


LaTeX Warning: Float too large for page by 91.11551pt on input line 155.

[10 </home/snowshelbi/Documents/!Stanford/Swift/Summary/xfoil_T2_analysis_flap2
0.png (PNG copy)>] <turbulator_height.png, id=57, 580.1675pt x 282.05376pt>
File: turbulator_height.png Graphic file (type png)

<use turbulator_height.png>
Underfull \hbox (badness 10000) in paragraph at lines 171--172

 []

[11






 </home/snowshelbi/Documents/!Stanford/Swift/Summary/turbulator_height.png>]
Underfull \hbox (badness 10000) in paragraph at lines 177--178

 []


Underfull \hbox (badness 10000) in paragraph at lines 179--180

 []


Underfull \hbox (badness 10000) in paragraph at lines 181--182

 []


Underfull \hbox (badness 10000) in paragraph at lines 183--184

 []

[12] <XFLR_3Dview_simple.png, id=66, 895.09406pt x 573.64313pt>
File: XFLR_3Dview_simple.png Graphic file (type png)

<use XFLR_3Dview_simple.png>
Overfull \hbox (75.96062pt too wide) in paragraph at lines 192--193
 [] 
 []


LaTeX Warning: Float too large for page by 91.67107pt on input line 196.

[13 </home/snowshelbi/Documents/!Stanford/Swift/Summary/XFLR_3Dview_simple.png 
(PNG copy)>] <scale_original_airfoil_15.png, id=70, 895.09406pt x 573.64313pt>
File: scale_original_airfoil_15.png Graphic file (type png)

<use scale_original_airfoil_15.png>
Overfull \hbox (75.96062pt too wide) in paragraph at lines 202--203
 [] 
 []


LaTeX Warning: Float too large for page by 91.11551pt on input line 206.

[14 </home/snowshelbi/Documents/!Stanford/Swift/Summary/scale_original_airfoil_
15.png (PNG copy)>]
Underfull \hbox (badness 10000) in paragraph at lines 214--215

 []


Underfull \hbox (badness 10000) in paragraph at lines 216--217

 []


Underfull \hbox (badness 10000) in paragraph at lines 218--219

 []


Underfull \hbox (badness 10000) in paragraph at lines 220--221

 []

[15





]
Underfull \hbox (badness 10000) in paragraph at lines 223--224

 []


Underfull \hbox (badness 10000) in paragraph at lines 259--260

 []

[16]
Underfull \hbox (badness 10000) in paragraph at lines 262--263

 []


Underfull \hbox (badness 10000) in paragraph at lines 264--265

 []


Underfull \hbox (badness 10000) in paragraph at lines 266--267

 []

[17]
Underfull \hbox (badness 10000) in paragraph at lines 273--274

 []


Underfull \hbox (badness 10000) in paragraph at lines 275--276

 []


Underfull \hbox (badness 10000) in paragraph at lines 277--278

 []


Underfull \hbox (badness 10000) in paragraph at lines 279--280

 []

[18]
Underfull \hbox (badness 10000) in paragraph at lines 288--291

 []

[19]
Underfull \hbox (badness 10000) in paragraph at lines 297--298

 []

[20] [21] [22] <XFLR_spandrag_stall.png, id=99, 895.09406pt x 573.64313pt>
File: XFLR_spandrag_stall.png Graphic file (type png)

<use XFLR_spandrag_stall.png> [23 </home/snowshelbi/Documents/!Stanford/Swift/S
ummary/XFLR_spandrag_stall.png (PNG copy)>]
Overfull \hbox (48.74657pt too wide) in paragraph at lines 355--355
[]\OT1/cmtt/m/n/10 %For a 1/2 scale, the spar weight using caps is about 0.6% f
or a given mass[] 
 []


Overfull \hbox (32.9967pt too wide) in paragraph at lines 355--355
[]\OT1/cmtt/m/n/10 %if we assume it's a tapered spar, otherwise it's about 1.5%
 of the mass[] 
 []


Overfull \hbox (38.24666pt too wide) in paragraph at lines 355--355
[]\OT1/cmtt/m/n/10 spartype = 3;% 1 for tubular spar, 2 for rectangular spar, 3
 for sparcaps[] 
 []


Overfull \hbox (32.9967pt too wide) in paragraph at lines 355--355
[]\OT1/cmtt/m/n/10 sparwidth = .10; %width of spar caps as percentage of the ro
ot thickness[] 
 []

[24

]
Overfull \hbox (22.4968pt too wide) in paragraph at lines 355--355
[]\OT1/cmtt/m/n/10 Dy_fun = inline(char(.98 * (t_c) * croot * (1 - (1-taper)*2*
y/span)));[] 
 []


Overfull \hbox (48.74657pt too wide) in paragraph at lines 355--355
[]    \OT1/cmtt/m/n/10 Ixx = pi/64*(Dy^4 - (Dy-2*t)^4); %moment of inertia for 
hollow cylinder[] 
 []


Overfull \hbox (59.24648pt too wide) in paragraph at lines 355--355
[]\OT1/cmtt/m/n/10 sy_fun =  (inline (char (subs(sy-syield/n,{W,b},{mass*9.81,s
pan})),'t','y'));[] 
 []


Overfull \hbox (64.49643pt too wide) in paragraph at lines 355--355
[]        \OT1/cmtt/m/n/10 fminbnd(@(t) abs(sy_fun(t,yrange(k))),0,tguess,OPTIM
SET('TolX',1e-8));[] 
 []

[25]
Overfull \hbox (43.49661pt too wide) in paragraph at lines 355--355
[]\OT1/cmtt/m/n/10 if(non_tapered_spar) %if non-tapered use the root size all a
cross the span[] 
 []


Overfull \hbox (80.24629pt too wide) in paragraph at lines 355--355
[]\OT1/cmtt/m/n/10 elseif(spartype == 3)        %spar caps are at the top and b
ottom, so an extra *2[] 
 []


Overfull \hbox (22.4968pt too wide) in paragraph at lines 355--355
[]\OT1/cmtt/m/n/10 fprintf('sparmass = %f (%f%% of mass)\n',sparmass, sparmass/
mass*100);[] 
 []


Overfull \hbox (74.99634pt too wide) in paragraph at lines 355--355
[]\OT1/cmtt/m/n/10 Myrange = subs(My,{b,W,y},{span,mass*9.81,yrange});Myrange =
 Myrange/Myrange(1);[] 
 []


Overfull \hbox (74.99634pt too wide) in paragraph at lines 355--355
[]\OT1/cmtt/m/n/10 Lyrange = subs(Ly,{b,W,y},{span,mass*9.81,yrange});Lyrange =
 Lyrange/Lyrange(1);[] 
 []


Overfull \hbox (6.74693pt too wide) in paragraph at lines 355--355
[]\OT1/cmtt/m/n/10 syrange = subs(sy/syield,{b,W,y,t},{span,mass*9.81,yrange,tr
ange});[] 
 []

[26]
Missing character: There is no ‚ in font cmr10!
Missing character: There is no Ä in font cmr10!
Missing character: There is no ú in font cmr10!
Missing character: There is no ‚ in font cmr10!
Missing character: There is no Ä in font cmr10!
Missing character: There is no ù in font cmr10!

Underfull \hbox (badness 10000) in paragraph at lines 383--388
[]\OT1/cmr/m/n/10 Martin Hep-perle, "Tur-bu-la-tors". Au-gust 2003. http://www.
mh-
 []

[27] (/home/snowshelbi/Documents/!Stanford/Swift/Summary/SubScaleSwift.aux) ) 
Here is how much of TeX's memory you used:
 1840 strings out of 95086
 24801 string characters out of 1183254
 72636 words of memory out of 1500000
 4996 multiletter control sequences out of 10000+50000
 10508 words of font info for 42 fonts, out of 1200000 for 2000
 28 hyphenation exceptions out of 8191
 28i,9n,20p,1188b,276s stack positions out of 5000i,500n,6000p,200000b,5000s
 <
/home/snowshelbi/.texmf-var/fonts/pk/ljfour/jknappen/ec/tcrm1000.600pk></usr/sh
are/texmf-texlive/fonts/type1/bluesky/cm/cmbx10.pfb></usr/share/texmf-texlive/f
onts/type1/bluesky/cm/cmbx12.pfb></usr/share/texmf-texlive/fonts/type1/bluesky/
cm/cmmi10.pfb></usr/share/texmf-texlive/fonts/type1/bluesky/cm/cmmi7.pfb></usr/
share/texmf-texlive/fonts/type1/bluesky/cm/cmmi8.pfb></usr/share/texmf-texlive/
fonts/type1/bluesky/cm/cmr10.pfb></usr/share/texmf-texlive/fonts/type1/bluesky/
cm/cmr12.pfb></usr/share/texmf-texlive/fonts/type1/bluesky/cm/cmr17.pfb></usr/s
hare/texmf-texlive/fonts/type1/bluesky/cm/cmr6.pfb></usr/share/texmf-texlive/fo
nts/type1/bluesky/cm/cmr7.pfb></usr/share/texmf-texlive/fonts/type1/bluesky/cm/
cmr8.pfb></usr/share/texmf-texlive/fonts/type1/bluesky/cm/cmsy10.pfb></usr/shar
e/texmf-texlive/fonts/type1/bluesky/cm/cmti10.pfb></usr/share/texmf-texlive/fon
ts/type1/bluesky/cm/cmtt10.pfb>
Output written on SubScaleSwift.pdf (28 pages, 831631 bytes).
PDF statistics:
 165 PDF objects out of 1000 (max. 8388607)
 0 named destinations out of 1000 (max. 131072)
 51 words of extra memory for PDF output out of 10000 (max. 10000000)

